<?xml version="1.0" encoding="UTF-8"?>
<!-- Generated by org.testng.reporters.JUnitReportReporter -->
<testsuite hostname="DESKTOP-VLFENFH" failures="0" tests="1" name="uitest.BitsLoginLogoutTest" time="12.944" errors="0" timestamp="2022-02-21T10:52:56 BDT" skipped="0">
  <testcase classname="uitest.BitsLoginLogoutTest" name="checkSuccessLoginFlow" time="12.944"/>
  <system-out/>
</testsuite> <!-- uitest.BitsLoginLogoutTest -->
